<?xml version="1.0" encoding="UTF-8"?>
<testng-results ignored="0" total="1" passed="1" failed="0" skipped="0">
  <reporter-output>
    <line>
      <![CDATA[====Connecting with the database]]>
    </line>
    <line>
      <![CDATA[====Launching chrome Browser====]]>
    </line>
    <line>
      <![CDATA[====Close the connection with database====]]>
    </line>
  </reporter-output>
  <suite started-at="2024-07-11T06:55:51Z" name="Default suite" finished-at="2024-07-11T06:56:05Z" duration-ms="13551">
    <groups>
      <group name="RT">
        <method signature="CreateUserTest.createNewUser(java.lang.reflect.Method)[pri:0, instance:TestScript.CreateUserTest@172b013]" name="createNewUser" class="TestScript.CreateUserTest"/>
      </group> <!-- RT -->
    </groups>
    <test started-at="2024-07-11T06:55:51Z" name="Default test" finished-at="2024-07-11T06:56:05Z" duration-ms="13551">
      <class name="TestScript.CreateUserTest">
        <test-method is-config="true" signature="beforeSuite()[pri:0, instance:TestScript.CreateUserTest@172b013]" started-at="2024-07-11T06:55:50Z" name="beforeSuite" finished-at="2024-07-11T06:55:51Z" duration-ms="575" status="PASS">
          <reporter-output>
          </reporter-output>
        </test-method> <!-- beforeSuite -->
        <test-method is-config="true" signature="beforeTest()[pri:0, instance:TestScript.CreateUserTest@172b013]" started-at="2024-07-11T06:55:51Z" name="beforeTest" finished-at="2024-07-11T06:55:51Z" duration-ms="1" status="PASS">
          <reporter-output>
            <line>
              <![CDATA[====Connecting with the database]]>
            </line>
          </reporter-output>
        </test-method> <!-- beforeTest -->
        <test-method is-config="true" signature="launchBrowser(java.lang.String)[pri:0, instance:TestScript.CreateUserTest@172b013]" started-at="2024-07-11T06:55:51Z" name="launchBrowser" finished-at="2024-07-11T06:55:54Z" duration-ms="3275" status="PASS">
          <params>
            <param index="0">
              <value>
                <![CDATA[chrome]]>
              </value>
            </param>
          </params>
          <reporter-output>
            <line>
              <![CDATA[====Launching chrome Browser====]]>
            </line>
          </reporter-output>
        </test-method> <!-- launchBrowser -->
        <test-method signature="createNewUser(java.lang.reflect.Method)[pri:0, instance:TestScript.CreateUserTest@172b013]" started-at="2024-07-11T06:55:54Z" name="createNewUser" finished-at="2024-07-11T06:56:04Z" duration-ms="9776" status="PASS">
          <params>
            <param index="0">
              <value>
                <![CDATA[public void TestScript.CreateUserTest.createNewUser(java.lang.reflect.Method) throws org.apache.poi.EncryptedDocumentException,java.io.IOException]]>
              </value>
            </param>
          </params>
          <reporter-output>
          </reporter-output>
        </test-method> <!-- createNewUser -->
        <test-method is-config="true" signature="closeBrowser()[pri:0, instance:TestScript.CreateUserTest@172b013]" started-at="2024-07-11T06:56:04Z" name="closeBrowser" finished-at="2024-07-11T06:56:05Z" duration-ms="453" status="PASS">
          <reporter-output>
          </reporter-output>
        </test-method> <!-- closeBrowser -->
        <test-method is-config="true" signature="afterTest()[pri:0, instance:TestScript.CreateUserTest@172b013]" started-at="2024-07-11T06:56:05Z" name="afterTest" finished-at="2024-07-11T06:56:05Z" duration-ms="0" status="PASS">
          <reporter-output>
            <line>
              <![CDATA[====Close the connection with database====]]>
            </line>
          </reporter-output>
        </test-method> <!-- afterTest -->
        <test-method is-config="true" signature="afterSuite()[pri:0, instance:TestScript.CreateUserTest@172b013]" started-at="2024-07-11T06:56:05Z" name="afterSuite" finished-at="2024-07-11T06:56:05Z" duration-ms="688" status="PASS">
          <reporter-output>
          </reporter-output>
        </test-method> <!-- afterSuite -->
      </class> <!-- TestScript.CreateUserTest -->
    </test> <!-- Default test -->
  </suite> <!-- Default suite -->
</testng-results>
